<?xml version="1.0" encoding="UTF-8"?>
<testsuite xmlns:xsi="http://www.w3.org/2001/XMLSchema-instance" xsi:noNamespaceSchemaLocation="https://maven.apache.org/surefire/maven-surefire-plugin/xsd/surefire-test-report-3.0.xsd" version="3.0" name="TestSuite" time="172.725" tests="1" errors="0" skipped="0" failures="1">
  <properties>
[...]
</properties>
  <testcase name="runScenario[&quot;Verify Coupon in the cart&quot;, &quot;Optional[Verify Add To Cart Flow With Pay On Delivery Option with Nirog Moeny and Coupon verfication in the cart]&quot;](1)" classname="com.example.TestRunner.TestngTestRunnerTest" time="169.772">
    <failure message="expected [The applied coupon is only valid for a minimum value of 500 for brand(s) 1Veda.] but found [Coupon Applied]" type="java.lang.AssertionError"><![CDATA[java.lang.AssertionError: expected [The applied coupon is only valid for a minimum value of 500 for brand(s) 1Veda.] but found [Coupon Applied]
	at org.testng.Assert.fail(Assert.java:99)
	at org.testng.Assert.failNotEquals(Assert.java:1037)
	at org.testng.Assert.assertEqualsImpl(Assert.java:140)
	at org.testng.Assert.assertEquals(Assert.java:122)
	at org.testng.Assert.assertEquals(Assert.java:629)
	at org.testng.Assert.assertEquals(Assert.java:639)
	at com.example.Utilities.GenericUtils.verifyText(GenericUtils.java:711)
	at com.example.PageObjects.AddToCart.VerifyCouponInvaliMessage(AddToCart.java:480)
	at com.example.StepDefinitions.EcomSteps.user_search_coupon_as_and_click_on_apply_coupon_and_verify_coupon_message_as(EcomSteps.java:194)
	at ✽.User search coupon as AUTOMATIONCOUPON and click on apply coupon and verify coupon message as The applied coupon is only valid for a minimum value of 500 for brand(s) 1Veda.(classpath:feature/04Ecom.feature:127)
]]></failure>
    <system-out><![CDATA[
@Run
Scenario Outline: Verify Coupon in the cart                                                                                                                                          &amp#27;[90m# feature/04Ecom.feature:139&amp#27;[0m
  &amp#27;[32mGiven &amp#27;[0m&amp#27;[32mValidate the browser&amp#27;[0m                                                                                                                                                         &amp#27;[90m# com.example.StepDefinitions.SignupLoginSteps.validate_the_browser()&amp#27;[0m
  &amp#27;[32mGiven &amp#27;[0m&amp#27;[32mUser should be logged in with &amp#27;[0m&amp#27;[32m&amp#27;[1m8530906851&amp#27;[0m&amp#27;[32m as a mobile number and add OTP As &amp#27;[0m&amp#27;[32m&amp#27;[1m1&amp#27;[0m&amp#27;[32m &amp#27;[0m&amp#27;[32m&amp#27;[1m2&amp#27;[0m&amp#27;[32m &amp#27;[0m&amp#27;[32m&amp#27;[1m3&amp#27;[0m&amp#27;[32m &amp#27;[0m&amp#27;[32m&amp#27;[1m4&amp#27;[0m                                                                                           &amp#27;[90m# com.example.StepDefinitions.SignupLoginSteps.user_should_be_logged_in_with_as_a_mobile_number_and_add_otp_as(java.lang.String,java.lang.String,java.lang.String,java.lang.String,java.lang.String)&amp#27;[0m
  &amp#27;[32mWhen &amp#27;[0m&amp#27;[32mUser verify the cart&amp#27;[0m                                                                                                                                                          &amp#27;[90m# com.example.StepDefinitions.EcomSteps.user_verify_the_cart()&amp#27;[0m
  &amp#27;[32mWhen &amp#27;[0m&amp#27;[32mUser search the product as &amp#27;[0m&amp#27;[32m&amp#27;[1mDiabe-250&amp#27;[0m                                                                                                                                          &amp#27;[90m# com.example.StepDefinitions.EcomSteps.user_search_the_product_as(java.lang.String)&amp#27;[0m
  &amp#27;[32mWhen &amp#27;[0m&amp#27;[32mUser Select the size of the product&amp#27;[0m                                                                                                                                           &amp#27;[90m# com.example.StepDefinitions.EcomSteps.user_select_the_size_of_the_product()&amp#27;[0m
  &amp#27;[32mWhen &amp#27;[0m&amp#27;[32mUser Enter the quantity of product as &amp#27;[0m&amp#27;[32m&amp#27;[1m1&amp#27;[0m                                                                                                                                       &amp#27;[90m# com.example.StepDefinitions.EcomSteps.user_enter_the_quantity_of_product_as(java.lang.String)&amp#27;[0m
  &amp#27;[32mWhen &amp#27;[0m&amp#27;[32muser click on add to cart button&amp#27;[0m                                                                                                                                              &amp#27;[90m# com.example.StepDefinitions.EcomSteps.user_click_on_add_to_cart_button()&amp#27;[0m
  &amp#27;[32mWhen &amp#27;[0m&amp#27;[32mUser click on continue shopping and verify succesfull message as &amp#27;[0m&amp#27;[32m&amp#27;[1mSuccessfully added to cart&amp#27;[0m                                                                                   &amp#27;[90m# com.example.StepDefinitions.EcomSteps.user_click_on_continue_shopping_and_verify_succesfull_message_as(java.lang.String)&amp#27;[0m
  &amp#27;[32mWhen &amp#27;[0m&amp#27;[32mUser click on cart and procced for checkout to apply coupon&amp#27;[0m                                                                                                                   &amp#27;[90m# com.example.StepDefinitions.EcomSteps.user_click_on_cart_and_procced_for_checkout_to_apply_coupon()&amp#27;[0m
  &amp#27;[31mWhen &amp#27;[0m&amp#27;[31mUser search coupon as &amp#27;[0m&amp#27;[31m&amp#27;[1mAUTOMATIONCOUPON&amp#27;[0m&amp#27;[31m and click on apply coupon and verify coupon message as &amp#27;[0m&amp#27;[31m&amp#27;[1mThe applied coupon is only valid for a minimum value of 500 for brand(s) 1Veda.&amp#27;[0m &amp#27;[90m# com.example.StepDefinitions.EcomSteps.user_search_coupon_as_and_click_on_apply_coupon_and_verify_coupon_message_as(java.lang.String,java.lang.String)&amp#27;[0m
      &amp#27;[31mjava.lang.AssertionError: expected [The applied coupon is only valid for a minimum value of 500 for brand(s) 1Veda.] but found [Coupon Applied]
	at org.testng.Assert.fail(Assert.java:99)
	at org.testng.Assert.failNotEquals(Assert.java:1037)
	at org.testng.Assert.assertEqualsImpl(Assert.java:140)
	at org.testng.Assert.assertEquals(Assert.java:122)
	at org.testng.Assert.assertEquals(Assert.java:629)
	at org.testng.Assert.assertEquals(Assert.java:639)
	at com.example.Utilities.GenericUtils.verifyText(GenericUtils.java:711)
	at com.example.PageObjects.AddToCart.VerifyCouponInvaliMessage(AddToCart.java:480)
	at com.example.StepDefinitions.EcomSteps.user_search_coupon_as_and_click_on_apply_coupon_and_verify_coupon_message_as(EcomSteps.java:194)
	at âœ½.User search coupon as AUTOMATIONCOUPON and click on apply coupon and verify coupon message as The applied coupon is only valid for a minimum value of 500 for brand(s) 1Veda.(classpath:feature/04Ecom.feature:127)
&amp#27;[0m
  &amp#27;[36mWhen &amp#27;[0m&amp#27;[36mUser click on back&amp#27;[0m                                                                                                                                                            &amp#27;[90m# com.example.StepDefinitions.EcomSteps.user_click_on_back()&amp#27;[0m
  &amp#27;[36mWhen &amp#27;[0m&amp#27;[36mUser can update the quantity as &amp#27;[0m&amp#27;[36m&amp#27;[1m10&amp#27;[0m&amp#27;[36m and then again proceed&amp#27;[0m                                                                                                                     &amp#27;[90m# com.example.StepDefinitions.EcomSteps.user_can_update_the_quantity_as_and_then_again_proceed(java.lang.String)&amp#27;[0m
  &amp#27;[36mWhen &amp#27;[0m&amp#27;[36mUser open the coupon and search coupon as &amp#27;[0m&amp#27;[36m&amp#27;[1mAUTOMATIONCOUPON&amp#27;[0m&amp#27;[36m then applied the coupon and verified the message as &amp#27;[0m&amp#27;[36m&amp#27;[1mCoupon Applied&amp#27;[0m                                                 &amp#27;[90m# com.example.StepDefinitions.EcomSteps.user_open_the_coupon_and_search_coupon_as_then_applied_the_coupon_and_verified_the_message_as(java.lang.String,java.lang.String)&amp#27;[0m
  &amp#27;[36mWhen &amp#27;[0m&amp#27;[36mUser select pay on deleivery option&amp#27;[0m                                                                                                                                           &amp#27;[90m# com.example.StepDefinitions.EcomSteps.user_select_pay_on_deleivery_option()&amp#27;[0m
  &amp#27;[36mWhen &amp#27;[0m&amp#27;[36mUser click on Pay Now button&amp#27;[0m                                                                                                                                                  &amp#27;[90m# com.example.StepDefinitions.EcomSteps.user_click_on_pay_now_button()&amp#27;[0m
  &amp#27;[36mWhen &amp#27;[0m&amp#27;[36mUser enter OTP As &amp#27;[0m&amp#27;[36m&amp#27;[1m1&amp#27;[0m&amp#27;[36m &amp#27;[0m&amp#27;[36m&amp#27;[1m2&amp#27;[0m&amp#27;[36m &amp#27;[0m&amp#27;[36m&amp#27;[1m3&amp#27;[0m&amp#27;[36m &amp#27;[0m&amp#27;[36m&amp#27;[1m4&amp#27;[0m                                                                                                                                                     &amp#27;[90m# com.example.StepDefinitions.EcomSteps.user_enter_otp_as(java.lang.String,java.lang.String,java.lang.String,java.lang.String)&amp#27;[0m
  &amp#27;[36mThen &amp#27;[0m&amp#27;[36muser click on Confirm Order and verify the confirm order message as &amp#27;[0m&amp#27;[36m&amp#27;[1mOrder Confirmed&amp#27;[0m                                                                                           &amp#27;[90m# com.example.StepDefinitions.EcomSteps.user_click_on_confirm_order_and_verify_the_confirm_order_message_as(java.lang.String)&amp#27;[0m
  &amp#27;[36mThen &amp#27;[0m&amp#27;[36mcloses the browser&amp#27;[0m                                                                                                                                                            &amp#27;[90m# com.example.StepDefinitions.ProfileverificationSteps.closes_the_browser()&amp#27;[0m
]]></system-out>
    <system-err><![CDATA[[main] INFO com.epam.reportportal.service.Launch - Rerun: false
[main] INFO io.github.bonigarcia.wdm.WebDriverManager - Using chromedriver 113.0.5672.63 (resolved driver for Chrome 113)
[main] INFO io.github.bonigarcia.wdm.WebDriverManager - Exporting webdriver.chrome.driver as C:\Users\bhattjan\.cache\selenium\chromedriver\win32\113.0.5672.63\chromedriver.exe
Starting ChromeDriver 113.0.5672.63 (0e1a4471d5ae5bf128b1bd8f4d627c8cbd55f70c-refs/branch-heads/5672@{#912}) on port 33111
Only local connections are allowed.
Please see https://chromedriver.chromium.org/security-considerations for suggestions on keeping ChromeDriver safe.
ChromeDriver was started successfully.
May 08, 2023 5:31:53 PM org.openqa.selenium.devtools.CdpVersionFinder findNearestMatch
WARNING: Unable to find an exact match for CDP version 113, so returning the closest version found: 111
]]></system-err>
  </testcase>
</testsuite>