<?xml version="1.0" encoding="UTF-8"?>
<!-- Generated by org.testng.reporters.JUnitReportReporter -->
<testsuite hostname="svt-laptop-72" failures="1" tests="1" name="com.example.TestRunner.TestngTestRunnerTest" time="169.763" errors="0" timestamp="2023-05-08T17:34:37 IST" skipped="0">
  <testcase classname="com.example.TestRunner.TestngTestRunnerTest" name="runScenario" time="169.763">
    <failure message="expected [The applied coupon is only valid for a minimum value of 500 for brand(s) 1Veda.] but found [Coupon Applied]" type="java.lang.AssertionError">
      <![CDATA[java.lang.AssertionError: expected [The applied coupon is only valid for a minimum value of 500 for brand(s) 1Veda.] but found [Coupon Applied]
at org.testng.Assert.fail(Assert.java:99)
at org.testng.Assert.failNotEquals(Assert.java:1037)
at org.testng.Assert.assertEqualsImpl(Assert.java:140)
at org.testng.Assert.assertEquals(Assert.java:122)
at org.testng.Assert.assertEquals(Assert.java:629)
at org.testng.Assert.assertEquals(Assert.java:639)
at com.example.Utilities.GenericUtils.verifyText(GenericUtils.java:711)
at com.example.PageObjects.AddToCart.VerifyCouponInvaliMessage(AddToCart.java:480)
at com.example.StepDefinitions.EcomSteps.user_search_coupon_as_and_click_on_apply_coupon_and_verify_coupon_message_as(EcomSteps.java:194)
at ✽.User search coupon as AUTOMATIONCOUPON and click on apply coupon and verify coupon message as The applied coupon is only valid for a minimum value of 500 for brand(s) 1Veda.(classpath:feature/04Ecom.feature:127)
]]>
    </failure>
  </testcase> <!-- runScenario -->
  <system-out/>
</testsuite> <!-- com.example.TestRunner.TestngTestRunnerTest -->
